{"email":"sarath@gmail.com","level":"info","message":"Logging in user","password":"12345","service":"spotify-clone","timestamp":"2026-03-08 10:49:00"}
{"email":"sarath@gmail.com","id":1,"level":"info","message":"Getting all songs","name":"Sarath R Krishnan","service":"spotify-clone","timestamp":"2026-03-08 10:49:00"}
{"0":"s","1":"a","10":"i","11":"l","12":".","13":"c","14":"o","15":"m","2":"r","3":"a","4":"t","5":"h","6":"@","7":"g","8":"m","9":"a","level":"info","message":"Logging in user","service":"spotify-clone","timestamp":"2026-03-08 11:07:30"}
{"email":"sarath@gmail.com","id":1,"level":"info","message":"Getting all songs","name":"Sarath R Krishnan","service":"spotify-clone","timestamp":"2026-03-08 11:07:30"}
{"0":"s","1":"a","10":"i","11":"l","12":".","13":"c","14":"o","15":"m","2":"r","3":"a","4":"t","5":"h","6":"@","7":"g","8":"m","9":"a","level":"info","message":"Logging in user","service":"spotify-clone","timestamp":"2026-03-08 11:12:11"}
{"email":"sarath@gmail.com","id":1,"level":"info","message":"Getting all songs","name":"Sarath R Krishnan","service":"spotify-clone","timestamp":"2026-03-08 11:12:11"}
{"email":"sarath@gmail.com","id":1,"level":"info","message":"Getting all songs","name":"Sarath R Krishnan","service":"spotify-clone","timestamp":"2026-03-08 11:12:31"}
{"email":"sarath@gmail.com","id":1,"level":"info","message":"Getting all songs","name":"Sarath R Krishnan","service":"spotify-clone","timestamp":"2026-03-08 11:12:33"}
{"email":"sarath@gmail.com","id":1,"level":"info","message":"Getting user","name":"Sarath R Krishnan","service":"spotify-clone","timestamp":"2026-03-08 11:51:22"}
{"email":"sarath@gmail.com","id":1,"level":"info","message":"Getting all songs","name":"Sarath R Krishnan","service":"spotify-clone","timestamp":"2026-03-08 11:51:24"}
{"email":"sarath@gmail.com","id":1,"level":"info","message":"Getting user","name":"Sarath R Krishnan","service":"spotify-clone","timestamp":"2026-03-08 11:51:32"}
{"email":"sarath@gmail.com","id":1,"level":"info","message":"Getting all songs","name":"Sarath R Krishnan","service":"spotify-clone","timestamp":"2026-03-08 11:51:32"}
{"email":"sarath@gmail.com","id":1,"level":"info","message":"Getting user","name":"Sarath R Krishnan","service":"spotify-clone","timestamp":"2026-03-08 11:51:38"}
{"email":"sarath@gmail.com","id":1,"level":"info","message":"Getting all songs","name":"Sarath R Krishnan","service":"spotify-clone","timestamp":"2026-03-08 11:51:38"}
{"email":"sarath@gmail.com","id":1,"level":"info","message":"Getting user","name":"Sarath R Krishnan","service":"spotify-clone","timestamp":"2026-03-08 12:09:30"}
{"email":"sarath@gmail.com","id":1,"level":"info","message":"Getting all songs","name":"Sarath R Krishnan","service":"spotify-clone","timestamp":"2026-03-08 12:09:30"}
{"email":"sarath@gmail.com","id":1,"level":"info","message":"Getting user","name":"Sarath R Krishnan","service":"spotify-clone","timestamp":"2026-03-08 12:19:09"}
{"email":"sarath@gmail.com","id":1,"level":"info","message":"Getting all songs","name":"Sarath R Krishnan","service":"spotify-clone","timestamp":"2026-03-08 12:19:09"}
{"email":"sarath@gmail.com","id":1,"level":"info","message":"Getting user","name":"Sarath R Krishnan","service":"spotify-clone","timestamp":"2026-03-08 12:19:49"}
{"email":"sarath@gmail.com","id":1,"level":"info","message":"Getting all songs","name":"Sarath R Krishnan","service":"spotify-clone","timestamp":"2026-03-08 12:19:49"}
{"email":"sarath@gmail.com","id":1,"level":"info","message":"Getting user","name":"Sarath R Krishnan","service":"spotify-clone","timestamp":"2026-03-08 12:21:05"}
{"email":"sarath@gmail.com","id":1,"level":"info","message":"Getting all songs","name":"Sarath R Krishnan","service":"spotify-clone","timestamp":"2026-03-08 12:21:05"}
{"email":"sarath@gmail.com","id":1,"level":"info","message":"Getting user","name":"Sarath R Krishnan","service":"spotify-clone","timestamp":"2026-03-08 12:26:50"}
{"email":"sarath@gmail.com","id":1,"level":"info","message":"Getting all songs","name":"Sarath R Krishnan","service":"spotify-clone","timestamp":"2026-03-08 12:26:50"}
{"email":"sarath@gmail.com","id":1,"level":"info","message":"Getting user","name":"Sarath R Krishnan","service":"spotify-clone","timestamp":"2026-03-08 12:27:01"}
{"email":"sarath@gmail.com","id":1,"level":"info","message":"Getting all songs","name":"Sarath R Krishnan","service":"spotify-clone","timestamp":"2026-03-08 12:27:01"}
{"email":"sarath@gmail.com","id":1,"level":"info","message":"Getting user","name":"Sarath R Krishnan","service":"spotify-clone","timestamp":"2026-03-08 12:28:32"}
{"email":"sarath@gmail.com","id":1,"level":"info","message":"Getting all songs","name":"Sarath R Krishnan","service":"spotify-clone","timestamp":"2026-03-08 12:28:33"}
{"email":"sarath@gmail.com","id":1,"level":"info","message":"Getting user","name":"Sarath R Krishnan","service":"spotify-clone","timestamp":"2026-03-08 12:33:42"}
{"email":"sarath@gmail.com","id":1,"level":"info","message":"Getting all songs","name":"Sarath R Krishnan","service":"spotify-clone","timestamp":"2026-03-08 12:33:42"}
{"email":"sarath@gmail.com","id":1,"level":"info","message":"Getting user","name":"Sarath R Krishnan","service":"spotify-clone","timestamp":"2026-03-08 12:34:46"}
{"email":"sarath@gmail.com","id":1,"level":"info","message":"Getting all songs","name":"Sarath R Krishnan","service":"spotify-clone","timestamp":"2026-03-08 12:34:46"}
{"email":"sarath@gmail.com","id":1,"level":"info","message":"Getting user","name":"Sarath R Krishnan","service":"spotify-clone","timestamp":"2026-03-08 12:36:02"}
{"email":"sarath@gmail.com","id":1,"level":"info","message":"Getting all songs","name":"Sarath R Krishnan","service":"spotify-clone","timestamp":"2026-03-08 12:36:02"}
{"email":"sarath@gmail.com","id":1,"level":"info","message":"Getting user","name":"Sarath R Krishnan","service":"spotify-clone","timestamp":"2026-03-08 12:37:43"}
{"email":"sarath@gmail.com","id":1,"level":"info","message":"Getting all songs","name":"Sarath R Krishnan","service":"spotify-clone","timestamp":"2026-03-08 12:37:43"}
{"email":"sarath@gmail.com","id":1,"level":"info","message":"Getting user","name":"Sarath R Krishnan","service":"spotify-clone","timestamp":"2026-03-08 12:38:37"}
{"email":"sarath@gmail.com","id":1,"level":"info","message":"Getting all songs","name":"Sarath R Krishnan","service":"spotify-clone","timestamp":"2026-03-08 12:38:37"}
{"0":"s","1":"a","10":"i","11":"l","12":".","13":"c","14":"o","15":"m","2":"r","3":"a","4":"t","5":"h","6":"@","7":"g","8":"m","9":"a","level":"info","message":"Logging in user","service":"spotify-clone","timestamp":"2026-03-08 12:41:02"}
{"email":"sarath@gmail.com","id":1,"level":"info","message":"Getting all songs","name":"Sarath R Krishnan","service":"spotify-clone","timestamp":"2026-03-08 12:41:02"}
{"email":"sarath@gmail.com","id":1,"level":"info","message":"Getting user","name":"Sarath R Krishnan","service":"spotify-clone","timestamp":"2026-03-08 14:13:35"}
{"email":"sarath@gmail.com","id":1,"level":"info","message":"Getting all songs","name":"Sarath R Krishnan","service":"spotify-clone","timestamp":"2026-03-08 14:13:35"}
{"email":"sarath@gmail.com","id":1,"level":"info","message":"Getting user","name":"Sarath R Krishnan","service":"spotify-clone","timestamp":"2026-03-08 14:14:19"}
{"email":"sarath@gmail.com","id":1,"level":"info","message":"Getting all songs","name":"Sarath R Krishnan","service":"spotify-clone","timestamp":"2026-03-08 14:14:19"}
{"email":"sarath@gmail.com","id":1,"level":"info","message":"Getting user","name":"Sarath R Krishnan","service":"spotify-clone","timestamp":"2026-03-08 14:18:47"}
{"email":"sarath@gmail.com","id":1,"level":"info","message":"Getting all songs","name":"Sarath R Krishnan","service":"spotify-clone","timestamp":"2026-03-08 14:18:47"}
{"email":"sarath@gmail.com","id":1,"level":"info","message":"Getting user","name":"Sarath R Krishnan","service":"spotify-clone","timestamp":"2026-03-08 14:21:20"}
{"email":"sarath@gmail.com","id":1,"level":"info","message":"Getting all songs","name":"Sarath R Krishnan","service":"spotify-clone","timestamp":"2026-03-08 14:21:20"}
{"email":"sarath@gmail.com","id":1,"level":"info","message":"Getting user","name":"Sarath R Krishnan","service":"spotify-clone","timestamp":"2026-03-08 14:24:19"}
{"email":"sarath@gmail.com","id":1,"level":"info","message":"Getting all songs","name":"Sarath R Krishnan","service":"spotify-clone","timestamp":"2026-03-08 14:24:19"}
{"email":"sarath@gmail.com","id":1,"level":"info","message":"Getting user","name":"Sarath R Krishnan","service":"spotify-clone","timestamp":"2026-03-08 15:06:05"}
{"email":"sarath@gmail.com","id":1,"level":"info","message":"Getting all songs","name":"Sarath R Krishnan","service":"spotify-clone","timestamp":"2026-03-08 15:06:05"}
{"email":"sarath@gmail.com","id":1,"level":"info","message":"Getting user","name":"Sarath R Krishnan","service":"spotify-clone","timestamp":"2026-03-08 15:06:14"}
{"email":"sarath@gmail.com","id":1,"level":"info","message":"Getting all songs","name":"Sarath R Krishnan","service":"spotify-clone","timestamp":"2026-03-08 15:06:14"}
{"0":"s","1":"a","10":"i","11":"l","12":".","13":"c","14":"o","15":"m","2":"r","3":"a","4":"t","5":"h","6":"@","7":"g","8":"m","9":"a","level":"info","message":"Logging in user","service":"spotify-clone","timestamp":"2026-03-08 15:08:10"}
{"email":"sarath@gmail.com","id":1,"level":"info","message":"Getting all songs","name":"Sarath R Krishnan","service":"spotify-clone","timestamp":"2026-03-08 15:08:10"}
{"email":"sarath@gmail.com","id":1,"level":"info","message":"Getting user","name":"Sarath R Krishnan","service":"spotify-clone","timestamp":"2026-03-08 15:09:29"}
{"email":"sarath@gmail.com","id":1,"level":"info","message":"Getting all songs","name":"Sarath R Krishnan","service":"spotify-clone","timestamp":"2026-03-08 15:09:35"}
{"email":"sarath@gmail.com","id":1,"level":"info","message":"Getting user","name":"Sarath R Krishnan","service":"spotify-clone","timestamp":"2026-03-08 15:12:10"}
{"email":"sarath@gmail.com","id":1,"level":"info","message":"Getting all songs","name":"Sarath R Krishnan","service":"spotify-clone","timestamp":"2026-03-08 15:12:10"}
{"email":"sarath@gmail.com","id":1,"level":"info","message":"Getting user","name":"Sarath R Krishnan","service":"spotify-clone","timestamp":"2026-03-08 15:13:32"}
{"email":"sarath@gmail.com","id":1,"level":"info","message":"Getting all songs","name":"Sarath R Krishnan","service":"spotify-clone","timestamp":"2026-03-08 15:13:32"}
{"email":"sarath@gmail.com","id":1,"level":"info","message":"Getting user","name":"Sarath R Krishnan","service":"spotify-clone","timestamp":"2026-03-08 15:15:31"}
{"email":"sarath@gmail.com","id":1,"level":"info","message":"Getting all songs","name":"Sarath R Krishnan","service":"spotify-clone","timestamp":"2026-03-08 15:15:31"}
{"email":"sarath@gmail.com","id":1,"level":"info","message":"Getting user","name":"Sarath R Krishnan","service":"spotify-clone","timestamp":"2026-03-08 15:15:53"}
{"email":"sarath@gmail.com","id":1,"level":"info","message":"Getting all songs","name":"Sarath R Krishnan","service":"spotify-clone","timestamp":"2026-03-08 15:15:53"}
{"email":"sarath@gmail.com","id":1,"level":"info","message":"Getting user","name":"Sarath R Krishnan","service":"spotify-clone","timestamp":"2026-03-08 15:16:26"}
{"email":"sarath@gmail.com","id":1,"level":"info","message":"Getting all songs","name":"Sarath R Krishnan","service":"spotify-clone","timestamp":"2026-03-08 15:16:26"}
{"email":"sarath@gmail.com","id":1,"level":"info","message":"Getting user","name":"Sarath R Krishnan","service":"spotify-clone","timestamp":"2026-03-08 15:17:22"}
{"artist":"Aake Armadam","hexCode":"1E1E1E","level":"info","message":"Uploading song","service":"spotify-clone","songName":"Sushin Shyam","timestamp":"2026-03-08 15:18:13"}
{"artist":"Aake Armadam","createdAt":"2026-03-08T09:48:18.698Z","hexCode":"1E1E1E","id":"12a9bd36-d392-44e6-b9c6-2870149cf19b","level":"info","message":"Song uploaded successfully","service":"spotify-clone","songName":"Sushin Shyam","songPublicId":"gfcxukoy0htwcovniqqz","songUrl":"https://res.cloudinary.com/dct38chwk/video/upload/v1772963297/gfcxukoy0htwcovniqqz.mp3","thumbnailPublicId":"ozlc1curnhf8hyqx77ga","thumbnailUrl":"https://res.cloudinary.com/dct38chwk/image/upload/v1772963297/ozlc1curnhf8hyqx77ga.jpg","timestamp":"2026-03-08 15:18:18","updatedAt":"2026-03-08T09:48:18.698Z","userId":1}
{"email":"sarath@gmail.com","id":1,"level":"info","message":"Getting user","name":"Sarath R Krishnan","service":"spotify-clone","timestamp":"2026-03-08 15:18:34"}
{"email":"sarath@gmail.com","id":1,"level":"info","message":"Getting user","name":"Sarath R Krishnan","service":"spotify-clone","timestamp":"2026-03-08 15:18:37"}
{"email":"sarath@gmail.com","id":1,"level":"info","message":"Getting user","name":"Sarath R Krishnan","service":"spotify-clone","timestamp":"2026-03-08 15:19:33"}
{"email":"sarath@gmail.com","id":1,"level":"info","message":"Getting all songs","name":"Sarath R Krishnan","service":"spotify-clone","timestamp":"2026-03-08 15:19:34"}
{"email":"sarath@gmail.com","id":1,"level":"info","message":"Getting user","name":"Sarath R Krishnan","service":"spotify-clone","timestamp":"2026-03-08 15:20:01"}
{"email":"sarath@gmail.com","id":1,"level":"info","message":"Getting all songs","name":"Sarath R Krishnan","service":"spotify-clone","timestamp":"2026-03-08 15:20:02"}
{"email":"sarath@gmail.com","id":1,"level":"info","message":"Getting user","name":"Sarath R Krishnan","service":"spotify-clone","timestamp":"2026-03-08 15:24:32"}
{"email":"sarath@gmail.com","id":1,"level":"info","message":"Getting all songs","name":"Sarath R Krishnan","service":"spotify-clone","timestamp":"2026-03-08 15:24:33"}
{"email":"sarath@gmail.com","id":1,"level":"info","message":"Getting user","name":"Sarath R Krishnan","service":"spotify-clone","timestamp":"2026-03-08 15:26:04"}
{"email":"sarath@gmail.com","id":1,"level":"info","message":"Getting all songs","name":"Sarath R Krishnan","service":"spotify-clone","timestamp":"2026-03-08 15:26:05"}
{"email":"sarath@gmail.com","id":1,"level":"info","message":"Getting user","name":"Sarath R Krishnan","service":"spotify-clone","timestamp":"2026-03-08 15:28:35"}
{"email":"sarath@gmail.com","id":1,"level":"info","message":"Getting all songs","name":"Sarath R Krishnan","service":"spotify-clone","timestamp":"2026-03-08 15:28:35"}
{"email":"sarath@gmail.com","id":1,"level":"info","message":"Getting user","name":"Sarath R Krishnan","service":"spotify-clone","timestamp":"2026-03-08 15:30:46"}
{"email":"sarath@gmail.com","id":1,"level":"info","message":"Getting all songs","name":"Sarath R Krishnan","service":"spotify-clone","timestamp":"2026-03-08 15:30:46"}
{"email":"sarath@gmail.com","id":1,"level":"info","message":"Getting user","name":"Sarath R Krishnan","service":"spotify-clone","timestamp":"2026-03-08 15:33:07"}
{"email":"sarath@gmail.com","id":1,"level":"info","message":"Getting all songs","name":"Sarath R Krishnan","service":"spotify-clone","timestamp":"2026-03-08 15:33:08"}
{"0":"s","1":"a","10":"i","11":"l","12":".","13":"c","14":"o","15":"m","2":"r","3":"a","4":"t","5":"h","6":"@","7":"g","8":"m","9":"a","level":"info","message":"Logging in user","service":"spotify-clone","timestamp":"2026-03-08 15:34:34"}
{"email":"sarath@gmail.com","id":1,"level":"info","message":"Getting all songs","name":"Sarath R Krishnan","service":"spotify-clone","timestamp":"2026-03-08 15:34:37"}
{"email":"sarath@gmail.com","id":1,"level":"info","message":"Getting user","name":"Sarath R Krishnan","service":"spotify-clone","timestamp":"2026-03-08 15:35:28"}
{"email":"sarath@gmail.com","id":1,"level":"info","message":"Getting all songs","name":"Sarath R Krishnan","service":"spotify-clone","timestamp":"2026-03-08 15:35:28"}
{"email":"sarath@gmail.com","id":1,"level":"info","message":"Getting user","name":"Sarath R Krishnan","service":"spotify-clone","timestamp":"2026-03-08 15:37:16"}
{"email":"sarath@gmail.com","id":1,"level":"info","message":"Getting all songs","name":"Sarath R Krishnan","service":"spotify-clone","timestamp":"2026-03-08 15:37:16"}
{"email":"sarath@gmail.com","id":1,"level":"info","message":"Getting user","name":"Sarath R Krishnan","service":"spotify-clone","timestamp":"2026-03-08 15:38:09"}
{"email":"sarath@gmail.com","id":1,"level":"info","message":"Getting all songs","name":"Sarath R Krishnan","service":"spotify-clone","timestamp":"2026-03-08 15:38:09"}
{"email":"sarath@gmail.com","id":1,"level":"info","message":"Getting user","name":"Sarath R Krishnan","service":"spotify-clone","timestamp":"2026-03-08 15:38:15"}
{"email":"sarath@gmail.com","id":1,"level":"info","message":"Getting all songs","name":"Sarath R Krishnan","service":"spotify-clone","timestamp":"2026-03-08 15:38:15"}
{"email":"sarath@gmail.com","id":1,"level":"info","message":"Getting user","name":"Sarath R Krishnan","service":"spotify-clone","timestamp":"2026-03-08 16:40:21"}
{"email":"sarath@gmail.com","id":1,"level":"info","message":"Getting user","name":"Sarath R Krishnan","service":"spotify-clone","timestamp":"2026-03-08 16:41:06"}
{"email":"sarath@gmail.com","id":1,"level":"info","message":"Getting user","name":"Sarath R Krishnan","service":"spotify-clone","timestamp":"2026-03-08 16:41:15"}
{"email":"sarath@gmail.com","id":1,"level":"info","message":"Getting user","name":"Sarath R Krishnan","service":"spotify-clone","timestamp":"2026-03-08 16:41:29"}
{"email":"sarath@gmail.com","id":1,"level":"info","message":"Getting all songs","name":"Sarath R Krishnan","service":"spotify-clone","timestamp":"2026-03-08 16:41:29"}
{"email":"sarath@gmail.com","id":1,"level":"info","message":"Getting user","name":"Sarath R Krishnan","service":"spotify-clone","timestamp":"2026-03-08 16:43:15"}
{"email":"sarath@gmail.com","id":1,"level":"info","message":"Getting all songs","name":"Sarath R Krishnan","service":"spotify-clone","timestamp":"2026-03-08 16:43:15"}
{"email":"sarath@gmail.com","id":1,"level":"info","message":"Getting user","name":"Sarath R Krishnan","service":"spotify-clone","timestamp":"2026-03-08 16:43:42"}
{"email":"sarath@gmail.com","id":1,"level":"info","message":"Getting all songs","name":"Sarath R Krishnan","service":"spotify-clone","timestamp":"2026-03-08 16:43:43"}
{"email":"sarath@gmail.com","id":1,"level":"info","message":"Getting user","name":"Sarath R Krishnan","service":"spotify-clone","timestamp":"2026-03-08 16:44:34"}
{"email":"sarath@gmail.com","id":1,"level":"info","message":"Getting all songs","name":"Sarath R Krishnan","service":"spotify-clone","timestamp":"2026-03-08 16:44:34"}
{"email":"sarath@gmail.com","id":1,"level":"info","message":"Getting user","name":"Sarath R Krishnan","service":"spotify-clone","timestamp":"2026-03-08 16:44:44"}
{"email":"sarath@gmail.com","id":1,"level":"info","message":"Getting all songs","name":"Sarath R Krishnan","service":"spotify-clone","timestamp":"2026-03-08 16:44:44"}
{"email":"sarath@gmail.com","id":1,"level":"info","message":"Getting user","name":"Sarath R Krishnan","service":"spotify-clone","timestamp":"2026-03-08 16:46:11"}
{"email":"sarath@gmail.com","id":1,"level":"info","message":"Getting all songs","name":"Sarath R Krishnan","service":"spotify-clone","timestamp":"2026-03-08 16:46:11"}
{"email":"sarath@gmail.com","id":1,"level":"info","message":"Getting user","name":"Sarath R Krishnan","service":"spotify-clone","timestamp":"2026-03-08 16:46:21"}
{"email":"sarath@gmail.com","id":1,"level":"info","message":"Getting all songs","name":"Sarath R Krishnan","service":"spotify-clone","timestamp":"2026-03-08 16:46:21"}
{"email":"sarath@gmail.com","id":1,"level":"info","message":"Getting user","name":"Sarath R Krishnan","service":"spotify-clone","timestamp":"2026-03-08 16:46:53"}
{"email":"sarath@gmail.com","id":1,"level":"info","message":"Getting all songs","name":"Sarath R Krishnan","service":"spotify-clone","timestamp":"2026-03-08 16:46:53"}
{"email":"sarath@gmail.com","id":1,"level":"info","message":"Getting user","name":"Sarath R Krishnan","service":"spotify-clone","timestamp":"2026-03-08 16:46:59"}
{"email":"sarath@gmail.com","id":1,"level":"info","message":"Getting all songs","name":"Sarath R Krishnan","service":"spotify-clone","timestamp":"2026-03-08 16:46:59"}
{"email":"sarath@gmail.com","id":1,"level":"info","message":"Getting user","name":"Sarath R Krishnan","service":"spotify-clone","timestamp":"2026-03-08 16:47:13"}
{"email":"sarath@gmail.com","id":1,"level":"info","message":"Getting all songs","name":"Sarath R Krishnan","service":"spotify-clone","timestamp":"2026-03-08 16:47:13"}
{"email":"sarath@gmail.com","id":1,"level":"info","message":"Getting user","name":"Sarath R Krishnan","service":"spotify-clone","timestamp":"2026-03-08 16:49:48"}
{"email":"sarath@gmail.com","id":1,"level":"info","message":"Getting all songs","name":"Sarath R Krishnan","service":"spotify-clone","timestamp":"2026-03-08 16:49:49"}
{"email":"sarath@gmail.com","id":1,"level":"info","message":"Getting user","name":"Sarath R Krishnan","service":"spotify-clone","timestamp":"2026-03-08 16:50:17"}
{"email":"sarath@gmail.com","id":1,"level":"info","message":"Getting all songs","name":"Sarath R Krishnan","service":"spotify-clone","timestamp":"2026-03-08 16:50:18"}
{"0":"s","1":"a","10":"i","11":"l","12":".","13":"c","14":"o","15":"m","2":"r","3":"a","4":"t","5":"h","6":"@","7":"g","8":"m","9":"a","level":"info","message":"Logging in user","service":"spotify-clone","timestamp":"2026-03-08 17:43:25"}
{"email":"sarath@gmail.com","id":1,"level":"info","message":"Getting all songs","name":"Sarath R Krishnan","service":"spotify-clone","timestamp":"2026-03-08 17:43:26"}
{"email":"sarath@gmail.com","id":1,"level":"info","message":"Getting user","name":"Sarath R Krishnan","service":"spotify-clone","timestamp":"2026-03-08 17:43:49"}
{"email":"sarath@gmail.com","id":1,"level":"info","message":"Getting all songs","name":"Sarath R Krishnan","service":"spotify-clone","timestamp":"2026-03-08 17:43:50"}
{"email":"sarath@gmail.com","id":1,"level":"info","message":"Getting all songs","name":"Sarath R Krishnan","service":"spotify-clone","timestamp":"2026-03-08 17:44:05"}
{"email":"sarath@gmail.com","id":1,"level":"info","message":"Getting all songs","name":"Sarath R Krishnan","service":"spotify-clone","timestamp":"2026-03-08 17:44:06"}
{"email":"sarath@gmail.com","id":1,"level":"info","message":"Getting all songs","name":"Sarath R Krishnan","service":"spotify-clone","timestamp":"2026-03-08 17:44:08"}
{"email":"sarath@gmail.com","id":1,"level":"info","message":"Getting all songs","name":"Sarath R Krishnan","service":"spotify-clone","timestamp":"2026-03-08 17:44:09"}
{"email":"sarath@gmail.com","id":1,"level":"info","message":"Getting all songs","name":"Sarath R Krishnan","service":"spotify-clone","timestamp":"2026-03-08 17:44:10"}
{"email":"sarath@gmail.com","id":1,"level":"info","message":"Getting all songs","name":"Sarath R Krishnan","service":"spotify-clone","timestamp":"2026-03-08 17:44:12"}
{"email":"sarath@gmail.com","id":1,"level":"info","message":"Getting all songs","name":"Sarath R Krishnan","service":"spotify-clone","timestamp":"2026-03-08 17:44:13"}
{"email":"sarath@gmail.com","id":1,"level":"info","message":"Getting all songs","name":"Sarath R Krishnan","service":"spotify-clone","timestamp":"2026-03-08 17:44:14"}
{"email":"sarath@gmail.com","id":1,"level":"info","message":"Getting user","name":"Sarath R Krishnan","service":"spotify-clone","timestamp":"2026-03-08 17:45:16"}
{"email":"sarath@gmail.com","id":1,"level":"info","message":"Getting all songs","name":"Sarath R Krishnan","service":"spotify-clone","timestamp":"2026-03-08 17:45:16"}
{"email":"sarath@gmail.com","id":1,"level":"info","message":"Getting all songs","name":"Sarath R Krishnan","service":"spotify-clone","timestamp":"2026-03-08 17:45:25"}
{"email":"sarath@gmail.com","id":1,"level":"info","message":"Getting all songs","name":"Sarath R Krishnan","service":"spotify-clone","timestamp":"2026-03-08 17:45:27"}
{"email":"sarath@gmail.com","id":1,"level":"info","message":"Getting all songs","name":"Sarath R Krishnan","service":"spotify-clone","timestamp":"2026-03-08 17:45:29"}
{"email":"sarath@gmail.com","id":1,"level":"info","message":"Getting all songs","name":"Sarath R Krishnan","service":"spotify-clone","timestamp":"2026-03-08 17:45:30"}
{"email":"sarath@gmail.com","id":1,"level":"info","message":"Getting all songs","name":"Sarath R Krishnan","service":"spotify-clone","timestamp":"2026-03-08 17:45:32"}
{"email":"sarath@gmail.com","id":1,"level":"info","message":"Getting all songs","name":"Sarath R Krishnan","service":"spotify-clone","timestamp":"2026-03-08 17:45:36"}
{"email":"sarath@gmail.com","id":1,"level":"info","message":"Getting all songs","name":"Sarath R Krishnan","service":"spotify-clone","timestamp":"2026-03-08 17:45:42"}
{"email":"sarath@gmail.com","id":1,"level":"info","message":"Getting user","name":"Sarath R Krishnan","service":"spotify-clone","timestamp":"2026-03-08 17:47:52"}
{"email":"sarath@gmail.com","id":1,"level":"info","message":"Getting all songs","name":"Sarath R Krishnan","service":"spotify-clone","timestamp":"2026-03-08 17:47:52"}
{"email":"sarath@gmail.com","id":1,"level":"info","message":"Getting user","name":"Sarath R Krishnan","service":"spotify-clone","timestamp":"2026-03-08 17:49:45"}
{"email":"sarath@gmail.com","id":1,"level":"info","message":"Getting all songs","name":"Sarath R Krishnan","service":"spotify-clone","timestamp":"2026-03-08 17:49:46"}
{"email":"sarath@gmail.com","id":1,"level":"info","message":"Getting user","name":"Sarath R Krishnan","service":"spotify-clone","timestamp":"2026-03-08 17:54:22"}
{"email":"sarath@gmail.com","id":1,"level":"info","message":"Getting all songs","name":"Sarath R Krishnan","service":"spotify-clone","timestamp":"2026-03-08 17:54:22"}
{"0":"s","1":"a","10":"i","11":"l","12":".","13":"c","14":"o","15":"m","2":"r","3":"a","4":"t","5":"h","6":"@","7":"g","8":"m","9":"a","level":"info","message":"Logging in user","service":"spotify-clone","timestamp":"2026-03-09 09:20:41"}
{"email":"sarath@gmail.com","id":1,"level":"info","message":"Getting all songs","name":"Sarath R Krishnan","service":"spotify-clone","timestamp":"2026-03-09 09:20:42"}
{"email":"sarath@gmail.com","id":1,"level":"info","message":"Getting user","name":"Sarath R Krishnan","service":"spotify-clone","timestamp":"2026-03-09 09:22:02"}
{"email":"sarath@gmail.com","id":1,"level":"info","message":"Getting all songs","name":"Sarath R Krishnan","service":"spotify-clone","timestamp":"2026-03-09 09:22:03"}
{"email":"sarath@gmail.com","id":1,"level":"info","message":"Getting user","name":"Sarath R Krishnan","service":"spotify-clone","timestamp":"2026-03-09 09:22:44"}
{"email":"sarath@gmail.com","id":1,"level":"info","message":"Getting all songs","name":"Sarath R Krishnan","service":"spotify-clone","timestamp":"2026-03-09 09:22:45"}
{"email":"sarath@gmail.com","id":1,"level":"info","message":"Getting user","name":"Sarath R Krishnan","service":"spotify-clone","timestamp":"2026-03-09 09:28:52"}
{"email":"sarath@gmail.com","id":1,"level":"info","message":"Getting all songs","name":"Sarath R Krishnan","service":"spotify-clone","timestamp":"2026-03-09 09:28:52"}
{"email":"sarath@gmail.com","id":1,"level":"info","message":"Getting user","name":"Sarath R Krishnan","service":"spotify-clone","timestamp":"2026-03-09 09:30:07"}
{"email":"sarath@gmail.com","id":1,"level":"info","message":"Getting all songs","name":"Sarath R Krishnan","service":"spotify-clone","timestamp":"2026-03-09 09:30:08"}
{"email":"sarath@gmail.com","id":1,"level":"info","message":"Getting user","name":"Sarath R Krishnan","service":"spotify-clone","timestamp":"2026-03-09 09:30:57"}
{"email":"sarath@gmail.com","id":1,"level":"info","message":"Getting all songs","name":"Sarath R Krishnan","service":"spotify-clone","timestamp":"2026-03-09 09:30:57"}
{"email":"sarath@gmail.com","id":1,"level":"info","message":"Getting user","name":"Sarath R Krishnan","service":"spotify-clone","timestamp":"2026-03-09 09:31:57"}
{"email":"sarath@gmail.com","id":1,"level":"info","message":"Getting all songs","name":"Sarath R Krishnan","service":"spotify-clone","timestamp":"2026-03-09 09:31:58"}
{"0":"s","1":"a","10":"i","11":"l","12":".","13":"c","14":"o","15":"m","2":"r","3":"a","4":"t","5":"h","6":"@","7":"g","8":"m","9":"a","level":"info","message":"Logging in user","service":"spotify-clone","timestamp":"2026-03-09 09:35:25"}
{"email":"sarath@gmail.com","id":1,"level":"info","message":"Getting all songs","name":"Sarath R Krishnan","service":"spotify-clone","timestamp":"2026-03-09 09:35:26"}
{"email":"sarath@gmail.com","id":1,"level":"info","message":"Getting user","name":"Sarath R Krishnan","service":"spotify-clone","timestamp":"2026-03-09 09:38:00"}
{"email":"sarath@gmail.com","id":1,"level":"info","message":"Getting all songs","name":"Sarath R Krishnan","service":"spotify-clone","timestamp":"2026-03-09 09:38:01"}
{"email":"sarath@gmail.com","id":1,"level":"info","message":"Getting user","name":"Sarath R Krishnan","service":"spotify-clone","timestamp":"2026-03-09 09:38:14"}
{"email":"sarath@gmail.com","id":1,"level":"info","message":"Getting all songs","name":"Sarath R Krishnan","service":"spotify-clone","timestamp":"2026-03-09 09:38:15"}
{"email":"sarath@gmail.com","id":1,"level":"info","message":"Getting user","name":"Sarath R Krishnan","service":"spotify-clone","timestamp":"2026-03-09 19:54:08"}
{"email":"sarath@gmail.com","id":1,"level":"info","message":"Getting all songs","name":"Sarath R Krishnan","service":"spotify-clone","timestamp":"2026-03-09 19:54:09"}
{"email":"sarath@gmail.com","id":1,"level":"info","message":"Favourite song","name":"Sarath R Krishnan","service":"spotify-clone","timestamp":"2026-03-09 19:55:47"}
{"email":"sarath@gmail.com","id":1,"level":"info","message":"Favourite song","name":"Sarath R Krishnan","service":"spotify-clone","timestamp":"2026-03-09 19:56:36"}
{"email":"sarath@gmail.com","id":1,"level":"info","message":"Favourite song","name":"Sarath R Krishnan","service":"spotify-clone","timestamp":"2026-03-09 19:56:36"}
{"level":"info","message":"Favourite song","service":"spotify-clone","timestamp":"2026-03-09 19:57:24"}
{"level":"info","message":"Favourite song","service":"spotify-clone","timestamp":"2026-03-09 19:59:16"}
{"0":"1","1":"2","10":"3","11":"9","12":"2","13":"-","14":"4","15":"4","16":"e","17":"6","18":"-","19":"b","2":"a","20":"9","21":"c","22":"6","23":"-","24":"2","25":"8","26":"7","27":"0","28":"1","29":"4","3":"9","30":"9","31":"c","32":"f","33":"1","34":"9","35":"b","4":"b","5":"d","6":"3","7":"6","8":"-","9":"d","level":"info","message":"Favourite song","service":"spotify-clone","timestamp":"2026-03-09 20:00:37"}
{"id":1,"level":"info","message":"Favourite song created","service":"spotify-clone","songId":"12a9bd36-d392-44e6-b9c6-2870149cf19b","timestamp":"2026-03-09 20:00:37","userId":1}
{"email":"sarath@gmail.com","id":1,"level":"info","message":"Getting user","name":"Sarath R Krishnan","service":"spotify-clone","timestamp":"2026-03-10 09:07:57"}
{"email":"sarath@gmail.com","id":1,"level":"info","message":"Getting all songs","name":"Sarath R Krishnan","service":"spotify-clone","timestamp":"2026-03-10 09:07:57"}
{"email":"sarath@gmail.com","id":1,"level":"info","message":"Getting all favourite songs","name":"Sarath R Krishnan","service":"spotify-clone","timestamp":"2026-03-10 09:08:00"}
{"email":"sarath@gmail.com","id":1,"level":"info","message":"Getting all favourite songs","name":"Sarath R Krishnan","service":"spotify-clone","timestamp":"2026-03-10 09:08:00"}
{"email":"sarath@gmail.com","id":1,"level":"info","message":"Getting all favourite songs","name":"Sarath R Krishnan","service":"spotify-clone","timestamp":"2026-03-10 09:08:01"}
{"email":"sarath@gmail.com","id":1,"level":"info","message":"Getting all favourite songs","name":"Sarath R Krishnan","service":"spotify-clone","timestamp":"2026-03-10 09:08:01"}
{"email":"sarath@gmail.com","id":1,"level":"info","message":"Getting all favourite songs","name":"Sarath R Krishnan","service":"spotify-clone","timestamp":"2026-03-10 09:08:03"}
{"email":"sarath@gmail.com","id":1,"level":"info","message":"Getting all favourite songs","name":"Sarath R Krishnan","service":"spotify-clone","timestamp":"2026-03-10 09:08:06"}
{"email":"sarath@gmail.com","id":1,"level":"info","message":"Getting all favourite songs","name":"Sarath R Krishnan","service":"spotify-clone","timestamp":"2026-03-10 09:08:13"}
{"email":"sarath@gmail.com","id":1,"level":"info","message":"Getting all favourite songs","name":"Sarath R Krishnan","service":"spotify-clone","timestamp":"2026-03-10 09:08:19"}
{"email":"sarath@gmail.com","id":1,"level":"info","message":"Getting all favourite songs","name":"Sarath R Krishnan","service":"spotify-clone","timestamp":"2026-03-10 09:08:26"}
{"email":"sarath@gmail.com","id":1,"level":"info","message":"Getting all favourite songs","name":"Sarath R Krishnan","service":"spotify-clone","timestamp":"2026-03-10 09:08:32"}
{"email":"sarath@gmail.com","id":1,"level":"info","message":"Getting all favourite songs","name":"Sarath R Krishnan","service":"spotify-clone","timestamp":"2026-03-10 09:08:39"}
{"email":"sarath@gmail.com","id":1,"level":"info","message":"Getting all songs","name":"Sarath R Krishnan","service":"spotify-clone","timestamp":"2026-03-10 09:13:32"}
{"email":"sarath@gmail.com","id":1,"level":"info","message":"Getting all favourite songs","name":"Sarath R Krishnan","service":"spotify-clone","timestamp":"2026-03-10 09:13:33"}
{"email":"sarath@gmail.com","id":1,"level":"info","message":"Getting all favourite songs","name":"Sarath R Krishnan","service":"spotify-clone","timestamp":"2026-03-10 09:13:33"}
{"email":"sarath@gmail.com","id":1,"level":"info","message":"Getting all favourite songs","name":"Sarath R Krishnan","service":"spotify-clone","timestamp":"2026-03-10 09:13:34"}
{"email":"sarath@gmail.com","id":1,"level":"info","message":"Getting all favourite songs","name":"Sarath R Krishnan","service":"spotify-clone","timestamp":"2026-03-10 09:13:35"}
{"email":"sarath@gmail.com","id":1,"level":"info","message":"Getting all favourite songs","name":"Sarath R Krishnan","service":"spotify-clone","timestamp":"2026-03-10 09:13:36"}
{"email":"sarath@gmail.com","id":1,"level":"info","message":"Getting all favourite songs","name":"Sarath R Krishnan","service":"spotify-clone","timestamp":"2026-03-10 09:13:40"}
{"email":"sarath@gmail.com","id":1,"level":"info","message":"Getting all favourite songs","name":"Sarath R Krishnan","service":"spotify-clone","timestamp":"2026-03-10 09:13:46"}
{"email":"sarath@gmail.com","id":1,"level":"info","message":"Getting all favourite songs","name":"Sarath R Krishnan","service":"spotify-clone","timestamp":"2026-03-10 09:13:53"}
{"email":"sarath@gmail.com","id":1,"level":"info","message":"Getting all favourite songs","name":"Sarath R Krishnan","service":"spotify-clone","timestamp":"2026-03-10 09:13:59"}
{"email":"sarath@gmail.com","id":1,"level":"info","message":"Getting all favourite songs","name":"Sarath R Krishnan","service":"spotify-clone","timestamp":"2026-03-10 09:14:06"}
{"email":"sarath@gmail.com","id":1,"level":"info","message":"Getting all favourite songs","name":"Sarath R Krishnan","service":"spotify-clone","timestamp":"2026-03-10 09:14:12"}
{"email":"sarath@gmail.com","id":1,"level":"info","message":"Getting all songs","name":"Sarath R Krishnan","service":"spotify-clone","timestamp":"2026-03-10 09:15:15"}
{"email":"sarath@gmail.com","id":1,"level":"info","message":"Getting all favourite songs","name":"Sarath R Krishnan","service":"spotify-clone","timestamp":"2026-03-10 09:15:21"}
{"0":"s","1":"a","10":"i","11":"l","12":".","13":"c","14":"o","15":"m","2":"r","3":"a","4":"t","5":"h","6":"@","7":"g","8":"m","9":"a","level":"info","message":"Logging in user","service":"spotify-clone","timestamp":"2026-03-10 09:21:09"}
{"email":"sarath@gmail.com","id":1,"level":"info","message":"Getting all songs","name":"Sarath R Krishnan","service":"spotify-clone","timestamp":"2026-03-10 09:21:09"}
{"email":"sarath@gmail.com","id":1,"level":"info","message":"Getting all favourite songs","name":"Sarath R Krishnan","service":"spotify-clone","timestamp":"2026-03-10 09:21:11"}
{"email":"sarath@gmail.com","id":1,"level":"info","message":"Getting user","name":"Sarath R Krishnan","service":"spotify-clone","timestamp":"2026-03-10 09:22:11"}
{"email":"sarath@gmail.com","id":1,"level":"info","message":"Getting all songs","name":"Sarath R Krishnan","service":"spotify-clone","timestamp":"2026-03-10 09:22:11"}
{"email":"sarath@gmail.com","id":1,"level":"info","message":"Getting all favourite songs","name":"Sarath R Krishnan","service":"spotify-clone","timestamp":"2026-03-10 09:22:13"}
{"0":"1","1":"2","10":"3","11":"9","12":"2","13":"-","14":"4","15":"4","16":"e","17":"6","18":"-","19":"b","2":"a","20":"9","21":"c","22":"6","23":"-","24":"2","25":"8","26":"7","27":"0","28":"1","29":"4","3":"9","30":"9","31":"c","32":"f","33":"1","34":"9","35":"b","4":"b","5":"d","6":"3","7":"6","8":"-","9":"d","level":"info","message":"Favourite song","service":"spotify-clone","timestamp":"2026-03-10 09:22:24"}
{"id":1,"level":"info","message":"Song unfavourited successfully","service":"spotify-clone","songId":"12a9bd36-d392-44e6-b9c6-2870149cf19b","timestamp":"2026-03-10 09:22:24","userId":1}
{"email":"sarath@gmail.com","id":1,"level":"info","message":"Getting all songs","name":"Sarath R Krishnan","service":"spotify-clone","timestamp":"2026-03-10 09:22:28"}
{"email":"sarath@gmail.com","id":1,"level":"info","message":"Getting all favourite songs","name":"Sarath R Krishnan","service":"spotify-clone","timestamp":"2026-03-10 09:22:29"}
{"email":"sarath@gmail.com","id":1,"level":"info","message":"Getting all songs","name":"Sarath R Krishnan","service":"spotify-clone","timestamp":"2026-03-10 09:23:06"}
{"0":"1","1":"4","10":"4","11":"5","12":"c","13":"-","14":"4","15":"4","16":"e","17":"6","18":"-","19":"8","2":"0","20":"3","21":"9","22":"0","23":"-","24":"c","25":"3","26":"a","27":"4","28":"b","29":"0","3":"1","30":"2","31":"5","32":"8","33":"1","34":"e","35":"5","4":"1","5":"2","6":"5","7":"d","8":"-","9":"e","level":"info","message":"Favourite song","service":"spotify-clone","timestamp":"2026-03-10 09:23:10"}
{"id":2,"level":"info","message":"Favourite song created","service":"spotify-clone","songId":"1401125d-e45c-44e6-8390-c3a4b02581e5","timestamp":"2026-03-10 09:23:10","userId":1}
{"email":"sarath@gmail.com","id":1,"level":"info","message":"Getting all favourite songs","name":"Sarath R Krishnan","service":"spotify-clone","timestamp":"2026-03-10 09:23:12"}
{"email":"sarath@gmail.com","id":1,"level":"info","message":"Getting user","name":"Sarath R Krishnan","service":"spotify-clone","timestamp":"2026-03-10 09:33:18"}
{"level":"error","message":"Error while getting user user is not defined","service":"spotify-clone","stack":"ReferenceError: user is not defined\n    at getUser (file:///Users/sarathrkrishnan/Rivaan%20ranawat/spotify_clone/server/src/controllers/auth-controller.js:80:18)\n    at process.processTicksAndRejections (node:internal/process/task_queues:105:5)","timestamp":"2026-03-10 09:33:18"}
{"email":"sarath@gmail.com","id":1,"level":"info","message":"Getting user","name":"Sarath R Krishnan","service":"spotify-clone","timestamp":"2026-03-10 09:34:18"}
{"level":"error","message":"Error while getting user user is not defined","service":"spotify-clone","stack":"ReferenceError: user is not defined\n    at getUser (file:///Users/sarathrkrishnan/Rivaan%20ranawat/spotify_clone/server/src/controllers/auth-controller.js:80:18)\n    at process.processTicksAndRejections (node:internal/process/task_queues:105:5)","timestamp":"2026-03-10 09:34:18"}
{"0":"s","1":"a","10":"i","11":"l","12":".","13":"c","14":"o","15":"m","2":"r","3":"a","4":"t","5":"h","6":"@","7":"g","8":"m","9":"a","level":"info","message":"Logging in user","service":"spotify-clone","timestamp":"2026-03-10 09:34:49"}
{"email":"sarath@gmail.com","id":1,"level":"info","message":"Getting user","name":"Sarath R Krishnan","service":"spotify-clone","timestamp":"2026-03-10 09:36:04"}
{"level":"error","message":"Error while getting user user is not defined","service":"spotify-clone","stack":"ReferenceError: user is not defined\n    at getUser (file:///Users/sarathrkrishnan/Rivaan%20ranawat/spotify_clone/server/src/controllers/auth-controller.js:80:18)\n    at process.processTicksAndRejections (node:internal/process/task_queues:105:5)","timestamp":"2026-03-10 09:36:04"}
{"email":"sarath@gmail.com","id":1,"level":"info","message":"Getting user","name":"Sarath R Krishnan","service":"spotify-clone","timestamp":"2026-03-10 09:37:12"}
{"email":"sarath@gmail.com","id":1,"level":"info","message":"Getting all songs","name":"Sarath R Krishnan","service":"spotify-clone","timestamp":"2026-03-10 09:37:13"}
{"level":"error","message":"Error while fetching songs Cannot read properties of undefined (reading 'some')","service":"spotify-clone","stack":"TypeError: Cannot read properties of undefined (reading 'some')\n    at file:///Users/sarathrkrishnan/Rivaan%20ranawat/spotify_clone/server/src/controllers/song-controller.js:58:40\n    at Array.map (<anonymous>)\n    at getAllSongs (file:///Users/sarathrkrishnan/Rivaan%20ranawat/spotify_clone/server/src/controllers/song-controller.js:55:38)\n    at process.processTicksAndRejections (node:internal/process/task_queues:105:5)","timestamp":"2026-03-10 09:37:13"}
{"email":"sarath@gmail.com","id":1,"level":"info","message":"Getting all songs","name":"Sarath R Krishnan","service":"spotify-clone","timestamp":"2026-03-10 09:37:13"}
{"level":"error","message":"Error while fetching songs Cannot read properties of undefined (reading 'some')","service":"spotify-clone","stack":"TypeError: Cannot read properties of undefined (reading 'some')\n    at file:///Users/sarathrkrishnan/Rivaan%20ranawat/spotify_clone/server/src/controllers/song-controller.js:58:40\n    at Array.map (<anonymous>)\n    at getAllSongs (file:///Users/sarathrkrishnan/Rivaan%20ranawat/spotify_clone/server/src/controllers/song-controller.js:55:38)\n    at process.processTicksAndRejections (node:internal/process/task_queues:105:5)","timestamp":"2026-03-10 09:37:13"}
{"email":"sarath@gmail.com","id":1,"level":"info","message":"Getting all songs","name":"Sarath R Krishnan","service":"spotify-clone","timestamp":"2026-03-10 09:37:13"}
{"level":"error","message":"Error while fetching songs Cannot read properties of undefined (reading 'some')","service":"spotify-clone","stack":"TypeError: Cannot read properties of undefined (reading 'some')\n    at file:///Users/sarathrkrishnan/Rivaan%20ranawat/spotify_clone/server/src/controllers/song-controller.js:58:40\n    at Array.map (<anonymous>)\n    at getAllSongs (file:///Users/sarathrkrishnan/Rivaan%20ranawat/spotify_clone/server/src/controllers/song-controller.js:55:38)\n    at process.processTicksAndRejections (node:internal/process/task_queues:105:5)","timestamp":"2026-03-10 09:37:13"}
{"email":"sarath@gmail.com","id":1,"level":"info","message":"Getting all songs","name":"Sarath R Krishnan","service":"spotify-clone","timestamp":"2026-03-10 09:37:14"}
{"level":"error","message":"Error while fetching songs Cannot read properties of undefined (reading 'some')","service":"spotify-clone","stack":"TypeError: Cannot read properties of undefined (reading 'some')\n    at file:///Users/sarathrkrishnan/Rivaan%20ranawat/spotify_clone/server/src/controllers/song-controller.js:58:40\n    at Array.map (<anonymous>)\n    at getAllSongs (file:///Users/sarathrkrishnan/Rivaan%20ranawat/spotify_clone/server/src/controllers/song-controller.js:55:38)\n    at process.processTicksAndRejections (node:internal/process/task_queues:105:5)","timestamp":"2026-03-10 09:37:14"}
{"email":"sarath@gmail.com","id":1,"level":"info","message":"Getting all songs","name":"Sarath R Krishnan","service":"spotify-clone","timestamp":"2026-03-10 09:37:16"}
{"level":"error","message":"Error while fetching songs Cannot read properties of undefined (reading 'some')","service":"spotify-clone","stack":"TypeError: Cannot read properties of undefined (reading 'some')\n    at file:///Users/sarathrkrishnan/Rivaan%20ranawat/spotify_clone/server/src/controllers/song-controller.js:58:40\n    at Array.map (<anonymous>)\n    at getAllSongs (file:///Users/sarathrkrishnan/Rivaan%20ranawat/spotify_clone/server/src/controllers/song-controller.js:55:38)\n    at process.processTicksAndRejections (node:internal/process/task_queues:105:5)","timestamp":"2026-03-10 09:37:16"}
{"email":"sarath@gmail.com","id":1,"level":"info","message":"Getting all songs","name":"Sarath R Krishnan","service":"spotify-clone","timestamp":"2026-03-10 09:37:19"}
{"level":"error","message":"Error while fetching songs Cannot read properties of undefined (reading 'some')","service":"spotify-clone","stack":"TypeError: Cannot read properties of undefined (reading 'some')\n    at file:///Users/sarathrkrishnan/Rivaan%20ranawat/spotify_clone/server/src/controllers/song-controller.js:58:40\n    at Array.map (<anonymous>)\n    at getAllSongs (file:///Users/sarathrkrishnan/Rivaan%20ranawat/spotify_clone/server/src/controllers/song-controller.js:55:38)\n    at process.processTicksAndRejections (node:internal/process/task_queues:105:5)","timestamp":"2026-03-10 09:37:19"}
{"email":"sarath@gmail.com","id":1,"level":"info","message":"Getting all songs","name":"Sarath R Krishnan","service":"spotify-clone","timestamp":"2026-03-10 09:37:25"}
{"level":"error","message":"Error while fetching songs Cannot read properties of undefined (reading 'some')","service":"spotify-clone","stack":"TypeError: Cannot read properties of undefined (reading 'some')\n    at file:///Users/sarathrkrishnan/Rivaan%20ranawat/spotify_clone/server/src/controllers/song-controller.js:58:40\n    at Array.map (<anonymous>)\n    at getAllSongs (file:///Users/sarathrkrishnan/Rivaan%20ranawat/spotify_clone/server/src/controllers/song-controller.js:55:38)\n    at process.processTicksAndRejections (node:internal/process/task_queues:105:5)","timestamp":"2026-03-10 09:37:25"}
{"email":"sarath@gmail.com","id":1,"level":"info","message":"Getting all songs","name":"Sarath R Krishnan","service":"spotify-clone","timestamp":"2026-03-10 09:37:32"}
{"level":"error","message":"Error while fetching songs Cannot read properties of undefined (reading 'some')","service":"spotify-clone","stack":"TypeError: Cannot read properties of undefined (reading 'some')\n    at file:///Users/sarathrkrishnan/Rivaan%20ranawat/spotify_clone/server/src/controllers/song-controller.js:58:40\n    at Array.map (<anonymous>)\n    at getAllSongs (file:///Users/sarathrkrishnan/Rivaan%20ranawat/spotify_clone/server/src/controllers/song-controller.js:55:38)\n    at process.processTicksAndRejections (node:internal/process/task_queues:105:5)","timestamp":"2026-03-10 09:37:32"}
{"email":"sarath@gmail.com","id":1,"level":"info","message":"Getting all songs","name":"Sarath R Krishnan","service":"spotify-clone","timestamp":"2026-03-10 09:37:38"}
{"level":"error","message":"Error while fetching songs Cannot read properties of undefined (reading 'some')","service":"spotify-clone","stack":"TypeError: Cannot read properties of undefined (reading 'some')\n    at file:///Users/sarathrkrishnan/Rivaan%20ranawat/spotify_clone/server/src/controllers/song-controller.js:58:40\n    at Array.map (<anonymous>)\n    at getAllSongs (file:///Users/sarathrkrishnan/Rivaan%20ranawat/spotify_clone/server/src/controllers/song-controller.js:55:38)\n    at process.processTicksAndRejections (node:internal/process/task_queues:105:5)","timestamp":"2026-03-10 09:37:38"}
{"email":"sarath@gmail.com","id":1,"level":"info","message":"Getting all songs","name":"Sarath R Krishnan","service":"spotify-clone","timestamp":"2026-03-10 09:37:45"}
{"level":"error","message":"Error while fetching songs Cannot read properties of undefined (reading 'some')","service":"spotify-clone","stack":"TypeError: Cannot read properties of undefined (reading 'some')\n    at file:///Users/sarathrkrishnan/Rivaan%20ranawat/spotify_clone/server/src/controllers/song-controller.js:58:40\n    at Array.map (<anonymous>)\n    at getAllSongs (file:///Users/sarathrkrishnan/Rivaan%20ranawat/spotify_clone/server/src/controllers/song-controller.js:55:38)\n    at process.processTicksAndRejections (node:internal/process/task_queues:105:5)","timestamp":"2026-03-10 09:37:45"}
{"email":"sarath@gmail.com","id":1,"level":"info","message":"Getting all songs","name":"Sarath R Krishnan","service":"spotify-clone","timestamp":"2026-03-10 09:37:51"}
{"level":"error","message":"Error while fetching songs Cannot read properties of undefined (reading 'some')","service":"spotify-clone","stack":"TypeError: Cannot read properties of undefined (reading 'some')\n    at file:///Users/sarathrkrishnan/Rivaan%20ranawat/spotify_clone/server/src/controllers/song-controller.js:58:40\n    at Array.map (<anonymous>)\n    at getAllSongs (file:///Users/sarathrkrishnan/Rivaan%20ranawat/spotify_clone/server/src/controllers/song-controller.js:55:38)\n    at process.processTicksAndRejections (node:internal/process/task_queues:105:5)","timestamp":"2026-03-10 09:37:51"}
{"email":"sarath@gmail.com","id":1,"level":"info","message":"Getting user","name":"Sarath R Krishnan","service":"spotify-clone","timestamp":"2026-03-10 09:41:33"}
{"email":"sarath@gmail.com","id":1,"level":"info","message":"Getting all songs","name":"Sarath R Krishnan","service":"spotify-clone","timestamp":"2026-03-10 09:41:34"}
{"level":"error","message":"Error while fetching songs Cannot read properties of undefined (reading 'some')","service":"spotify-clone","stack":"TypeError: Cannot read properties of undefined (reading 'some')\n    at file:///Users/sarathrkrishnan/Rivaan%20ranawat/spotify_clone/server/src/controllers/song-controller.js:58:40\n    at Array.map (<anonymous>)\n    at getAllSongs (file:///Users/sarathrkrishnan/Rivaan%20ranawat/spotify_clone/server/src/controllers/song-controller.js:55:38)\n    at process.processTicksAndRejections (node:internal/process/task_queues:105:5)","timestamp":"2026-03-10 09:41:34"}
{"email":"sarath@gmail.com","id":1,"level":"info","message":"Getting all songs","name":"Sarath R Krishnan","service":"spotify-clone","timestamp":"2026-03-10 09:41:34"}
{"level":"error","message":"Error while fetching songs Cannot read properties of undefined (reading 'some')","service":"spotify-clone","stack":"TypeError: Cannot read properties of undefined (reading 'some')\n    at file:///Users/sarathrkrishnan/Rivaan%20ranawat/spotify_clone/server/src/controllers/song-controller.js:58:40\n    at Array.map (<anonymous>)\n    at getAllSongs (file:///Users/sarathrkrishnan/Rivaan%20ranawat/spotify_clone/server/src/controllers/song-controller.js:55:38)\n    at process.processTicksAndRejections (node:internal/process/task_queues:105:5)","timestamp":"2026-03-10 09:41:34"}
{"email":"sarath@gmail.com","id":1,"level":"info","message":"Getting all songs","name":"Sarath R Krishnan","service":"spotify-clone","timestamp":"2026-03-10 09:41:34"}
{"level":"error","message":"Error while fetching songs Cannot read properties of undefined (reading 'some')","service":"spotify-clone","stack":"TypeError: Cannot read properties of undefined (reading 'some')\n    at file:///Users/sarathrkrishnan/Rivaan%20ranawat/spotify_clone/server/src/controllers/song-controller.js:58:40\n    at Array.map (<anonymous>)\n    at getAllSongs (file:///Users/sarathrkrishnan/Rivaan%20ranawat/spotify_clone/server/src/controllers/song-controller.js:55:38)\n    at process.processTicksAndRejections (node:internal/process/task_queues:105:5)","timestamp":"2026-03-10 09:41:34"}
{"email":"sarath@gmail.com","id":1,"level":"info","message":"Getting all songs","name":"Sarath R Krishnan","service":"spotify-clone","timestamp":"2026-03-10 09:41:35"}
{"level":"error","message":"Error while fetching songs Cannot read properties of undefined (reading 'some')","service":"spotify-clone","stack":"TypeError: Cannot read properties of undefined (reading 'some')\n    at file:///Users/sarathrkrishnan/Rivaan%20ranawat/spotify_clone/server/src/controllers/song-controller.js:58:40\n    at Array.map (<anonymous>)\n    at getAllSongs (file:///Users/sarathrkrishnan/Rivaan%20ranawat/spotify_clone/server/src/controllers/song-controller.js:55:38)\n    at process.processTicksAndRejections (node:internal/process/task_queues:105:5)","timestamp":"2026-03-10 09:41:35"}
{"email":"sarath@gmail.com","id":1,"level":"info","message":"Getting all songs","name":"Sarath R Krishnan","service":"spotify-clone","timestamp":"2026-03-10 09:41:37"}
{"level":"error","message":"Error while fetching songs Cannot read properties of undefined (reading 'some')","service":"spotify-clone","stack":"TypeError: Cannot read properties of undefined (reading 'some')\n    at file:///Users/sarathrkrishnan/Rivaan%20ranawat/spotify_clone/server/src/controllers/song-controller.js:58:40\n    at Array.map (<anonymous>)\n    at getAllSongs (file:///Users/sarathrkrishnan/Rivaan%20ranawat/spotify_clone/server/src/controllers/song-controller.js:55:38)\n    at process.processTicksAndRejections (node:internal/process/task_queues:105:5)","timestamp":"2026-03-10 09:41:37"}
{"email":"sarath@gmail.com","id":1,"level":"info","message":"Getting all songs","name":"Sarath R Krishnan","service":"spotify-clone","timestamp":"2026-03-10 09:41:40"}
{"level":"error","message":"Error while fetching songs Cannot read properties of undefined (reading 'some')","service":"spotify-clone","stack":"TypeError: Cannot read properties of undefined (reading 'some')\n    at file:///Users/sarathrkrishnan/Rivaan%20ranawat/spotify_clone/server/src/controllers/song-controller.js:58:40\n    at Array.map (<anonymous>)\n    at getAllSongs (file:///Users/sarathrkrishnan/Rivaan%20ranawat/spotify_clone/server/src/controllers/song-controller.js:55:38)\n    at process.processTicksAndRejections (node:internal/process/task_queues:105:5)","timestamp":"2026-03-10 09:41:40"}
{"email":"sarath@gmail.com","id":1,"level":"info","message":"Getting all favourite songs","name":"Sarath R Krishnan","service":"spotify-clone","timestamp":"2026-03-10 09:41:41"}
{"0":"1","1":"4","10":"4","11":"5","12":"c","13":"-","14":"4","15":"4","16":"e","17":"6","18":"-","19":"8","2":"0","20":"3","21":"9","22":"0","23":"-","24":"c","25":"3","26":"a","27":"4","28":"b","29":"0","3":"1","30":"2","31":"5","32":"8","33":"1","34":"e","35":"5","4":"1","5":"2","6":"5","7":"d","8":"-","9":"e","level":"info","message":"Favourite song","service":"spotify-clone","timestamp":"2026-03-10 09:41:46"}
{"id":2,"level":"info","message":"Song unfavourited successfully","service":"spotify-clone","songId":"1401125d-e45c-44e6-8390-c3a4b02581e5","timestamp":"2026-03-10 09:41:46","userId":1}
{"email":"sarath@gmail.com","id":1,"level":"info","message":"Getting all songs","name":"Sarath R Krishnan","service":"spotify-clone","timestamp":"2026-03-10 09:41:51"}
{"level":"error","message":"Error while fetching songs Cannot read properties of undefined (reading 'some')","service":"spotify-clone","stack":"TypeError: Cannot read properties of undefined (reading 'some')\n    at file:///Users/sarathrkrishnan/Rivaan%20ranawat/spotify_clone/server/src/controllers/song-controller.js:58:40\n    at Array.map (<anonymous>)\n    at getAllSongs (file:///Users/sarathrkrishnan/Rivaan%20ranawat/spotify_clone/server/src/controllers/song-controller.js:55:38)\n    at process.processTicksAndRejections (node:internal/process/task_queues:105:5)","timestamp":"2026-03-10 09:41:51"}
{"email":"sarath@gmail.com","id":1,"level":"info","message":"Getting all songs","name":"Sarath R Krishnan","service":"spotify-clone","timestamp":"2026-03-10 09:41:51"}
{"level":"error","message":"Error while fetching songs Cannot read properties of undefined (reading 'some')","service":"spotify-clone","stack":"TypeError: Cannot read properties of undefined (reading 'some')\n    at file:///Users/sarathrkrishnan/Rivaan%20ranawat/spotify_clone/server/src/controllers/song-controller.js:58:40\n    at Array.map (<anonymous>)\n    at getAllSongs (file:///Users/sarathrkrishnan/Rivaan%20ranawat/spotify_clone/server/src/controllers/song-controller.js:55:38)\n    at process.processTicksAndRejections (node:internal/process/task_queues:105:5)","timestamp":"2026-03-10 09:41:51"}
{"email":"sarath@gmail.com","id":1,"level":"info","message":"Getting all songs","name":"Sarath R Krishnan","service":"spotify-clone","timestamp":"2026-03-10 09:41:51"}
{"level":"error","message":"Error while fetching songs Cannot read properties of undefined (reading 'some')","service":"spotify-clone","stack":"TypeError: Cannot read properties of undefined (reading 'some')\n    at file:///Users/sarathrkrishnan/Rivaan%20ranawat/spotify_clone/server/src/controllers/song-controller.js:58:40\n    at Array.map (<anonymous>)\n    at getAllSongs (file:///Users/sarathrkrishnan/Rivaan%20ranawat/spotify_clone/server/src/controllers/song-controller.js:55:38)\n    at process.processTicksAndRejections (node:internal/process/task_queues:105:5)","timestamp":"2026-03-10 09:41:51"}
{"email":"sarath@gmail.com","id":1,"level":"info","message":"Getting all songs","name":"Sarath R Krishnan","service":"spotify-clone","timestamp":"2026-03-10 09:41:52"}
{"level":"error","message":"Error while fetching songs Cannot read properties of undefined (reading 'some')","service":"spotify-clone","stack":"TypeError: Cannot read properties of undefined (reading 'some')\n    at file:///Users/sarathrkrishnan/Rivaan%20ranawat/spotify_clone/server/src/controllers/song-controller.js:58:40\n    at Array.map (<anonymous>)\n    at getAllSongs (file:///Users/sarathrkrishnan/Rivaan%20ranawat/spotify_clone/server/src/controllers/song-controller.js:55:38)\n    at process.processTicksAndRejections (node:internal/process/task_queues:105:5)","timestamp":"2026-03-10 09:41:52"}
{"email":"sarath@gmail.com","id":1,"level":"info","message":"Getting all songs","name":"Sarath R Krishnan","service":"spotify-clone","timestamp":"2026-03-10 09:41:54"}
{"level":"error","message":"Error while fetching songs Cannot read properties of undefined (reading 'some')","service":"spotify-clone","stack":"TypeError: Cannot read properties of undefined (reading 'some')\n    at file:///Users/sarathrkrishnan/Rivaan%20ranawat/spotify_clone/server/src/controllers/song-controller.js:58:40\n    at Array.map (<anonymous>)\n    at getAllSongs (file:///Users/sarathrkrishnan/Rivaan%20ranawat/spotify_clone/server/src/controllers/song-controller.js:55:38)\n    at process.processTicksAndRejections (node:internal/process/task_queues:105:5)","timestamp":"2026-03-10 09:41:54"}
{"email":"sarath@gmail.com","id":1,"level":"info","message":"Getting user","name":"Sarath R Krishnan","service":"spotify-clone","timestamp":"2026-03-10 09:41:55"}
{"email":"sarath@gmail.com","id":1,"level":"info","message":"Getting all songs","name":"Sarath R Krishnan","service":"spotify-clone","timestamp":"2026-03-10 09:41:55"}
{"level":"error","message":"Error while fetching songs Cannot read properties of undefined (reading 'some')","service":"spotify-clone","stack":"TypeError: Cannot read properties of undefined (reading 'some')\n    at file:///Users/sarathrkrishnan/Rivaan%20ranawat/spotify_clone/server/src/controllers/song-controller.js:58:40\n    at Array.map (<anonymous>)\n    at getAllSongs (file:///Users/sarathrkrishnan/Rivaan%20ranawat/spotify_clone/server/src/controllers/song-controller.js:55:38)\n    at process.processTicksAndRejections (node:internal/process/task_queues:105:5)","timestamp":"2026-03-10 09:41:55"}
{"email":"sarath@gmail.com","id":1,"level":"info","message":"Getting all songs","name":"Sarath R Krishnan","service":"spotify-clone","timestamp":"2026-03-10 09:41:56"}
{"level":"error","message":"Error while fetching songs Cannot read properties of undefined (reading 'some')","service":"spotify-clone","stack":"TypeError: Cannot read properties of undefined (reading 'some')\n    at file:///Users/sarathrkrishnan/Rivaan%20ranawat/spotify_clone/server/src/controllers/song-controller.js:58:40\n    at Array.map (<anonymous>)\n    at getAllSongs (file:///Users/sarathrkrishnan/Rivaan%20ranawat/spotify_clone/server/src/controllers/song-controller.js:55:38)\n    at process.processTicksAndRejections (node:internal/process/task_queues:105:5)","timestamp":"2026-03-10 09:41:56"}
{"email":"sarath@gmail.com","id":1,"level":"info","message":"Getting all songs","name":"Sarath R Krishnan","service":"spotify-clone","timestamp":"2026-03-10 09:41:56"}
{"level":"error","message":"Error while fetching songs Cannot read properties of undefined (reading 'some')","service":"spotify-clone","stack":"TypeError: Cannot read properties of undefined (reading 'some')\n    at file:///Users/sarathrkrishnan/Rivaan%20ranawat/spotify_clone/server/src/controllers/song-controller.js:58:40\n    at Array.map (<anonymous>)\n    at getAllSongs (file:///Users/sarathrkrishnan/Rivaan%20ranawat/spotify_clone/server/src/controllers/song-controller.js:55:38)\n    at process.processTicksAndRejections (node:internal/process/task_queues:105:5)","timestamp":"2026-03-10 09:41:56"}
{"email":"sarath@gmail.com","id":1,"level":"info","message":"Getting all songs","name":"Sarath R Krishnan","service":"spotify-clone","timestamp":"2026-03-10 09:41:57"}
{"level":"error","message":"Error while fetching songs Cannot read properties of undefined (reading 'some')","service":"spotify-clone","stack":"TypeError: Cannot read properties of undefined (reading 'some')\n    at file:///Users/sarathrkrishnan/Rivaan%20ranawat/spotify_clone/server/src/controllers/song-controller.js:58:40\n    at Array.map (<anonymous>)\n    at getAllSongs (file:///Users/sarathrkrishnan/Rivaan%20ranawat/spotify_clone/server/src/controllers/song-controller.js:55:38)\n    at process.processTicksAndRejections (node:internal/process/task_queues:105:5)","timestamp":"2026-03-10 09:41:57"}
{"email":"sarath@gmail.com","id":1,"level":"info","message":"Getting all songs","name":"Sarath R Krishnan","service":"spotify-clone","timestamp":"2026-03-10 09:41:59"}
{"level":"error","message":"Error while fetching songs Cannot read properties of undefined (reading 'some')","service":"spotify-clone","stack":"TypeError: Cannot read properties of undefined (reading 'some')\n    at file:///Users/sarathrkrishnan/Rivaan%20ranawat/spotify_clone/server/src/controllers/song-controller.js:58:40\n    at Array.map (<anonymous>)\n    at getAllSongs (file:///Users/sarathrkrishnan/Rivaan%20ranawat/spotify_clone/server/src/controllers/song-controller.js:55:38)\n    at process.processTicksAndRejections (node:internal/process/task_queues:105:5)","timestamp":"2026-03-10 09:41:59"}
{"email":"sarath@gmail.com","id":1,"level":"info","message":"Getting all songs","name":"Sarath R Krishnan","service":"spotify-clone","timestamp":"2026-03-10 09:42:02"}
{"level":"error","message":"Error while fetching songs Cannot read properties of undefined (reading 'some')","service":"spotify-clone","stack":"TypeError: Cannot read properties of undefined (reading 'some')\n    at file:///Users/sarathrkrishnan/Rivaan%20ranawat/spotify_clone/server/src/controllers/song-controller.js:58:40\n    at Array.map (<anonymous>)\n    at getAllSongs (file:///Users/sarathrkrishnan/Rivaan%20ranawat/spotify_clone/server/src/controllers/song-controller.js:55:38)\n    at process.processTicksAndRejections (node:internal/process/task_queues:105:5)","timestamp":"2026-03-10 09:42:02"}
{"email":"sarath@gmail.com","id":1,"level":"info","message":"Getting all songs","name":"Sarath R Krishnan","service":"spotify-clone","timestamp":"2026-03-10 09:42:08"}
{"level":"error","message":"Error while fetching songs Cannot read properties of undefined (reading 'some')","service":"spotify-clone","stack":"TypeError: Cannot read properties of undefined (reading 'some')\n    at file:///Users/sarathrkrishnan/Rivaan%20ranawat/spotify_clone/server/src/controllers/song-controller.js:58:40\n    at Array.map (<anonymous>)\n    at getAllSongs (file:///Users/sarathrkrishnan/Rivaan%20ranawat/spotify_clone/server/src/controllers/song-controller.js:55:38)\n    at process.processTicksAndRejections (node:internal/process/task_queues:105:5)","timestamp":"2026-03-10 09:42:08"}
{"email":"sarath@gmail.com","id":1,"level":"info","message":"Getting all songs","name":"Sarath R Krishnan","service":"spotify-clone","timestamp":"2026-03-10 09:42:15"}
{"level":"error","message":"Error while fetching songs Cannot read properties of undefined (reading 'some')","service":"spotify-clone","stack":"TypeError: Cannot read properties of undefined (reading 'some')\n    at file:///Users/sarathrkrishnan/Rivaan%20ranawat/spotify_clone/server/src/controllers/song-controller.js:58:40\n    at Array.map (<anonymous>)\n    at getAllSongs (file:///Users/sarathrkrishnan/Rivaan%20ranawat/spotify_clone/server/src/controllers/song-controller.js:55:38)\n    at process.processTicksAndRejections (node:internal/process/task_queues:105:5)","timestamp":"2026-03-10 09:42:15"}
{"email":"sarath@gmail.com","id":1,"level":"info","message":"Getting all songs","name":"Sarath R Krishnan","service":"spotify-clone","timestamp":"2026-03-10 09:42:21"}
{"level":"error","message":"Error while fetching songs Cannot read properties of undefined (reading 'some')","service":"spotify-clone","stack":"TypeError: Cannot read properties of undefined (reading 'some')\n    at file:///Users/sarathrkrishnan/Rivaan%20ranawat/spotify_clone/server/src/controllers/song-controller.js:58:40\n    at Array.map (<anonymous>)\n    at getAllSongs (file:///Users/sarathrkrishnan/Rivaan%20ranawat/spotify_clone/server/src/controllers/song-controller.js:55:38)\n    at process.processTicksAndRejections (node:internal/process/task_queues:105:5)","timestamp":"2026-03-10 09:42:21"}
{"email":"sarath@gmail.com","id":1,"level":"info","message":"Getting all songs","name":"Sarath R Krishnan","service":"spotify-clone","timestamp":"2026-03-10 09:42:28"}
{"level":"error","message":"Error while fetching songs Cannot read properties of undefined (reading 'some')","service":"spotify-clone","stack":"TypeError: Cannot read properties of undefined (reading 'some')\n    at file:///Users/sarathrkrishnan/Rivaan%20ranawat/spotify_clone/server/src/controllers/song-controller.js:58:40\n    at Array.map (<anonymous>)\n    at getAllSongs (file:///Users/sarathrkrishnan/Rivaan%20ranawat/spotify_clone/server/src/controllers/song-controller.js:55:38)\n    at process.processTicksAndRejections (node:internal/process/task_queues:105:5)","timestamp":"2026-03-10 09:42:28"}
{"email":"sarath@gmail.com","id":1,"level":"info","message":"Getting all songs","name":"Sarath R Krishnan","service":"spotify-clone","timestamp":"2026-03-10 09:42:34"}
{"level":"error","message":"Error while fetching songs Cannot read properties of undefined (reading 'some')","service":"spotify-clone","stack":"TypeError: Cannot read properties of undefined (reading 'some')\n    at file:///Users/sarathrkrishnan/Rivaan%20ranawat/spotify_clone/server/src/controllers/song-controller.js:58:40\n    at Array.map (<anonymous>)\n    at getAllSongs (file:///Users/sarathrkrishnan/Rivaan%20ranawat/spotify_clone/server/src/controllers/song-controller.js:55:38)\n    at process.processTicksAndRejections (node:internal/process/task_queues:105:5)","timestamp":"2026-03-10 09:42:34"}
{"email":"sarath@gmail.com","id":1,"level":"info","message":"Getting all favourite songs","name":"Sarath R Krishnan","service":"spotify-clone","timestamp":"2026-03-10 09:43:05"}
{"email":"sarath@gmail.com","id":1,"level":"info","message":"Getting all songs","name":"Sarath R Krishnan","service":"spotify-clone","timestamp":"2026-03-10 09:43:06"}
{"email":"sarath@gmail.com","id":1,"level":"info","message":"Getting user","name":"Sarath R Krishnan","service":"spotify-clone","timestamp":"2026-03-10 09:51:41"}
{"email":"sarath@gmail.com","id":1,"level":"info","message":"Getting all songs","name":"Sarath R Krishnan","service":"spotify-clone","timestamp":"2026-03-10 09:51:42"}
{"email":"sarath@gmail.com","id":1,"level":"info","message":"Getting all favourite songs","name":"Sarath R Krishnan","service":"spotify-clone","timestamp":"2026-03-10 09:51:44"}
{"email":"sarath@gmail.com","id":1,"level":"info","message":"Getting all songs","name":"Sarath R Krishnan","service":"spotify-clone","timestamp":"2026-03-10 09:51:45"}
{"email":"sarath@gmail.com","id":1,"level":"info","message":"Getting all favourite songs","name":"Sarath R Krishnan","service":"spotify-clone","timestamp":"2026-03-10 09:51:53"}
{"0":"1","1":"4","10":"4","11":"5","12":"c","13":"-","14":"4","15":"4","16":"e","17":"6","18":"-","19":"8","2":"0","20":"3","21":"9","22":"0","23":"-","24":"c","25":"3","26":"a","27":"4","28":"b","29":"0","3":"1","30":"2","31":"5","32":"8","33":"1","34":"e","35":"5","4":"1","5":"2","6":"5","7":"d","8":"-","9":"e","level":"info","message":"Favourite song","service":"spotify-clone","timestamp":"2026-03-10 09:51:55"}
{"id":3,"level":"info","message":"Favourite song created","service":"spotify-clone","songId":"1401125d-e45c-44e6-8390-c3a4b02581e5","timestamp":"2026-03-10 09:51:55","userId":1}
{"0":"1","1":"4","10":"4","11":"5","12":"c","13":"-","14":"4","15":"4","16":"e","17":"6","18":"-","19":"8","2":"0","20":"3","21":"9","22":"0","23":"-","24":"c","25":"3","26":"a","27":"4","28":"b","29":"0","3":"1","30":"2","31":"5","32":"8","33":"1","34":"e","35":"5","4":"1","5":"2","6":"5","7":"d","8":"-","9":"e","level":"info","message":"Favourite song","service":"spotify-clone","timestamp":"2026-03-10 09:51:56"}
{"id":3,"level":"info","message":"Song unfavourited successfully","service":"spotify-clone","songId":"1401125d-e45c-44e6-8390-c3a4b02581e5","timestamp":"2026-03-10 09:51:56","userId":1}
{"0":"1","1":"4","10":"4","11":"5","12":"c","13":"-","14":"4","15":"4","16":"e","17":"6","18":"-","19":"8","2":"0","20":"3","21":"9","22":"0","23":"-","24":"c","25":"3","26":"a","27":"4","28":"b","29":"0","3":"1","30":"2","31":"5","32":"8","33":"1","34":"e","35":"5","4":"1","5":"2","6":"5","7":"d","8":"-","9":"e","level":"info","message":"Favourite song","service":"spotify-clone","timestamp":"2026-03-10 09:51:59"}
{"id":4,"level":"info","message":"Favourite song created","service":"spotify-clone","songId":"1401125d-e45c-44e6-8390-c3a4b02581e5","timestamp":"2026-03-10 09:51:59","userId":1}
{"0":"1","1":"4","10":"4","11":"5","12":"c","13":"-","14":"4","15":"4","16":"e","17":"6","18":"-","19":"8","2":"0","20":"3","21":"9","22":"0","23":"-","24":"c","25":"3","26":"a","27":"4","28":"b","29":"0","3":"1","30":"2","31":"5","32":"8","33":"1","34":"e","35":"5","4":"1","5":"2","6":"5","7":"d","8":"-","9":"e","level":"info","message":"Favourite song","service":"spotify-clone","timestamp":"2026-03-10 09:52:05"}
{"id":4,"level":"info","message":"Song unfavourited successfully","service":"spotify-clone","songId":"1401125d-e45c-44e6-8390-c3a4b02581e5","timestamp":"2026-03-10 09:52:05","userId":1}
{"0":"1","1":"4","10":"4","11":"5","12":"c","13":"-","14":"4","15":"4","16":"e","17":"6","18":"-","19":"8","2":"0","20":"3","21":"9","22":"0","23":"-","24":"c","25":"3","26":"a","27":"4","28":"b","29":"0","3":"1","30":"2","31":"5","32":"8","33":"1","34":"e","35":"5","4":"1","5":"2","6":"5","7":"d","8":"-","9":"e","level":"info","message":"Favourite song","service":"spotify-clone","timestamp":"2026-03-10 09:52:07"}
{"id":5,"level":"info","message":"Favourite song created","service":"spotify-clone","songId":"1401125d-e45c-44e6-8390-c3a4b02581e5","timestamp":"2026-03-10 09:52:07","userId":1}
{"email":"sarath@gmail.com","id":1,"level":"info","message":"Getting all songs","name":"Sarath R Krishnan","service":"spotify-clone","timestamp":"2026-03-10 09:52:10"}
{"email":"sarath@gmail.com","id":1,"level":"info","message":"Getting all favourite songs","name":"Sarath R Krishnan","service":"spotify-clone","timestamp":"2026-03-10 09:52:11"}
{"0":"1","1":"4","10":"4","11":"5","12":"c","13":"-","14":"4","15":"4","16":"e","17":"6","18":"-","19":"8","2":"0","20":"3","21":"9","22":"0","23":"-","24":"c","25":"3","26":"a","27":"4","28":"b","29":"0","3":"1","30":"2","31":"5","32":"8","33":"1","34":"e","35":"5","4":"1","5":"2","6":"5","7":"d","8":"-","9":"e","level":"info","message":"Favourite song","service":"spotify-clone","timestamp":"2026-03-10 09:52:13"}
{"id":5,"level":"info","message":"Song unfavourited successfully","service":"spotify-clone","songId":"1401125d-e45c-44e6-8390-c3a4b02581e5","timestamp":"2026-03-10 09:52:13","userId":1}
{"email":"sarath@gmail.com","id":1,"level":"info","message":"Getting all songs","name":"Sarath R Krishnan","service":"spotify-clone","timestamp":"2026-03-10 09:52:14"}
{"email":"sarath@gmail.com","id":1,"level":"info","message":"Getting all favourite songs","name":"Sarath R Krishnan","service":"spotify-clone","timestamp":"2026-03-10 09:52:15"}
{"email":"sarath@gmail.com","id":1,"level":"info","message":"Getting user","name":"Sarath R Krishnan","service":"spotify-clone","timestamp":"2026-03-10 09:54:46"}
{"email":"sarath@gmail.com","id":1,"level":"info","message":"Getting all songs","name":"Sarath R Krishnan","service":"spotify-clone","timestamp":"2026-03-10 09:54:47"}
{"0":"1","1":"2","10":"3","11":"9","12":"2","13":"-","14":"4","15":"4","16":"e","17":"6","18":"-","19":"b","2":"a","20":"9","21":"c","22":"6","23":"-","24":"2","25":"8","26":"7","27":"0","28":"1","29":"4","3":"9","30":"9","31":"c","32":"f","33":"1","34":"9","35":"b","4":"b","5":"d","6":"3","7":"6","8":"-","9":"d","level":"info","message":"Favourite song","service":"spotify-clone","timestamp":"2026-03-10 09:54:53"}
{"id":6,"level":"info","message":"Favourite song created","service":"spotify-clone","songId":"12a9bd36-d392-44e6-b9c6-2870149cf19b","timestamp":"2026-03-10 09:54:53","userId":1}
{"email":"sarath@gmail.com","id":1,"level":"info","message":"Getting all favourite songs","name":"Sarath R Krishnan","service":"spotify-clone","timestamp":"2026-03-10 09:54:57"}
{"0":"1","1":"2","10":"3","11":"9","12":"2","13":"-","14":"4","15":"4","16":"e","17":"6","18":"-","19":"b","2":"a","20":"9","21":"c","22":"6","23":"-","24":"2","25":"8","26":"7","27":"0","28":"1","29":"4","3":"9","30":"9","31":"c","32":"f","33":"1","34":"9","35":"b","4":"b","5":"d","6":"3","7":"6","8":"-","9":"d","level":"info","message":"Favourite song","service":"spotify-clone","timestamp":"2026-03-10 09:54:58"}
{"id":6,"level":"info","message":"Song unfavourited successfully","service":"spotify-clone","songId":"12a9bd36-d392-44e6-b9c6-2870149cf19b","timestamp":"2026-03-10 09:54:58","userId":1}
{"0":"1","1":"2","10":"3","11":"9","12":"2","13":"-","14":"4","15":"4","16":"e","17":"6","18":"-","19":"b","2":"a","20":"9","21":"c","22":"6","23":"-","24":"2","25":"8","26":"7","27":"0","28":"1","29":"4","3":"9","30":"9","31":"c","32":"f","33":"1","34":"9","35":"b","4":"b","5":"d","6":"3","7":"6","8":"-","9":"d","level":"info","message":"Favourite song","service":"spotify-clone","timestamp":"2026-03-10 09:55:01"}
{"id":7,"level":"info","message":"Favourite song created","service":"spotify-clone","songId":"12a9bd36-d392-44e6-b9c6-2870149cf19b","timestamp":"2026-03-10 09:55:01","userId":1}
{"0":"1","1":"2","10":"3","11":"9","12":"2","13":"-","14":"4","15":"4","16":"e","17":"6","18":"-","19":"b","2":"a","20":"9","21":"c","22":"6","23":"-","24":"2","25":"8","26":"7","27":"0","28":"1","29":"4","3":"9","30":"9","31":"c","32":"f","33":"1","34":"9","35":"b","4":"b","5":"d","6":"3","7":"6","8":"-","9":"d","level":"info","message":"Favourite song","service":"spotify-clone","timestamp":"2026-03-10 09:55:02"}
{"id":7,"level":"info","message":"Song unfavourited successfully","service":"spotify-clone","songId":"12a9bd36-d392-44e6-b9c6-2870149cf19b","timestamp":"2026-03-10 09:55:02","userId":1}
{"email":"sarath@gmail.com","id":1,"level":"info","message":"Getting user","name":"Sarath R Krishnan","service":"spotify-clone","timestamp":"2026-03-10 09:55:06"}
{"email":"sarath@gmail.com","id":1,"level":"info","message":"Getting all songs","name":"Sarath R Krishnan","service":"spotify-clone","timestamp":"2026-03-10 09:55:06"}
{"0":"1","1":"2","10":"3","11":"9","12":"2","13":"-","14":"4","15":"4","16":"e","17":"6","18":"-","19":"b","2":"a","20":"9","21":"c","22":"6","23":"-","24":"2","25":"8","26":"7","27":"0","28":"1","29":"4","3":"9","30":"9","31":"c","32":"f","33":"1","34":"9","35":"b","4":"b","5":"d","6":"3","7":"6","8":"-","9":"d","level":"info","message":"Favourite song","service":"spotify-clone","timestamp":"2026-03-10 09:55:09"}
{"id":8,"level":"info","message":"Favourite song created","service":"spotify-clone","songId":"12a9bd36-d392-44e6-b9c6-2870149cf19b","timestamp":"2026-03-10 09:55:09","userId":1}
{"0":"1","1":"2","10":"3","11":"9","12":"2","13":"-","14":"4","15":"4","16":"e","17":"6","18":"-","19":"b","2":"a","20":"9","21":"c","22":"6","23":"-","24":"2","25":"8","26":"7","27":"0","28":"1","29":"4","3":"9","30":"9","31":"c","32":"f","33":"1","34":"9","35":"b","4":"b","5":"d","6":"3","7":"6","8":"-","9":"d","level":"info","message":"Favourite song","service":"spotify-clone","timestamp":"2026-03-10 09:55:12"}
{"id":8,"level":"info","message":"Song unfavourited successfully","service":"spotify-clone","songId":"12a9bd36-d392-44e6-b9c6-2870149cf19b","timestamp":"2026-03-10 09:55:12","userId":1}
{"0":"1","1":"2","10":"3","11":"9","12":"2","13":"-","14":"4","15":"4","16":"e","17":"6","18":"-","19":"b","2":"a","20":"9","21":"c","22":"6","23":"-","24":"2","25":"8","26":"7","27":"0","28":"1","29":"4","3":"9","30":"9","31":"c","32":"f","33":"1","34":"9","35":"b","4":"b","5":"d","6":"3","7":"6","8":"-","9":"d","level":"info","message":"Favourite song","service":"spotify-clone","timestamp":"2026-03-10 09:55:12"}
{"id":9,"level":"info","message":"Favourite song created","service":"spotify-clone","songId":"12a9bd36-d392-44e6-b9c6-2870149cf19b","timestamp":"2026-03-10 09:55:12","userId":1}
{"0":"1","1":"2","10":"3","11":"9","12":"2","13":"-","14":"4","15":"4","16":"e","17":"6","18":"-","19":"b","2":"a","20":"9","21":"c","22":"6","23":"-","24":"2","25":"8","26":"7","27":"0","28":"1","29":"4","3":"9","30":"9","31":"c","32":"f","33":"1","34":"9","35":"b","4":"b","5":"d","6":"3","7":"6","8":"-","9":"d","level":"info","message":"Favourite song","service":"spotify-clone","timestamp":"2026-03-10 09:55:13"}
{"id":9,"level":"info","message":"Song unfavourited successfully","service":"spotify-clone","songId":"12a9bd36-d392-44e6-b9c6-2870149cf19b","timestamp":"2026-03-10 09:55:13","userId":1}
{"0":"1","1":"2","10":"3","11":"9","12":"2","13":"-","14":"4","15":"4","16":"e","17":"6","18":"-","19":"b","2":"a","20":"9","21":"c","22":"6","23":"-","24":"2","25":"8","26":"7","27":"0","28":"1","29":"4","3":"9","30":"9","31":"c","32":"f","33":"1","34":"9","35":"b","4":"b","5":"d","6":"3","7":"6","8":"-","9":"d","level":"info","message":"Favourite song","service":"spotify-clone","timestamp":"2026-03-10 09:55:13"}
{"id":10,"level":"info","message":"Favourite song created","service":"spotify-clone","songId":"12a9bd36-d392-44e6-b9c6-2870149cf19b","timestamp":"2026-03-10 09:55:13","userId":1}
{"email":"sarath@gmail.com","id":1,"level":"info","message":"Getting all favourite songs","name":"Sarath R Krishnan","service":"spotify-clone","timestamp":"2026-03-10 09:55:16"}
{"0":"1","1":"2","10":"3","11":"9","12":"2","13":"-","14":"4","15":"4","16":"e","17":"6","18":"-","19":"b","2":"a","20":"9","21":"c","22":"6","23":"-","24":"2","25":"8","26":"7","27":"0","28":"1","29":"4","3":"9","30":"9","31":"c","32":"f","33":"1","34":"9","35":"b","4":"b","5":"d","6":"3","7":"6","8":"-","9":"d","level":"info","message":"Favourite song","service":"spotify-clone","timestamp":"2026-03-10 09:55:17"}
{"id":10,"level":"info","message":"Song unfavourited successfully","service":"spotify-clone","songId":"12a9bd36-d392-44e6-b9c6-2870149cf19b","timestamp":"2026-03-10 09:55:17","userId":1}
{"0":"1","1":"2","10":"3","11":"9","12":"2","13":"-","14":"4","15":"4","16":"e","17":"6","18":"-","19":"b","2":"a","20":"9","21":"c","22":"6","23":"-","24":"2","25":"8","26":"7","27":"0","28":"1","29":"4","3":"9","30":"9","31":"c","32":"f","33":"1","34":"9","35":"b","4":"b","5":"d","6":"3","7":"6","8":"-","9":"d","level":"info","message":"Favourite song","service":"spotify-clone","timestamp":"2026-03-10 09:55:20"}
{"id":11,"level":"info","message":"Favourite song created","service":"spotify-clone","songId":"12a9bd36-d392-44e6-b9c6-2870149cf19b","timestamp":"2026-03-10 09:55:20","userId":1}
{"0":"s","1":"a","10":"i","11":"l","12":".","13":"c","14":"o","15":"m","2":"r","3":"a","4":"t","5":"h","6":"@","7":"g","8":"m","9":"a","level":"info","message":"Logging in user","service":"spotify-clone","timestamp":"2026-03-10 10:13:42"}
{"email":"sarath@gmail.com","id":1,"level":"info","message":"Getting all songs","name":"Sarath R Krishnan","service":"spotify-clone","timestamp":"2026-03-10 10:13:43"}
{"0":"s","1":"a","10":"i","11":"l","12":".","13":"c","14":"o","15":"m","2":"r","3":"a","4":"t","5":"h","6":"@","7":"g","8":"m","9":"a","level":"info","message":"Logging in user","service":"spotify-clone","timestamp":"2026-03-10 10:24:55"}
{"email":"sarath@gmail.com","id":1,"level":"info","message":"Getting all songs","name":"Sarath R Krishnan","service":"spotify-clone","timestamp":"2026-03-10 10:24:57"}
{"email":"sarath@gmail.com","id":1,"level":"info","message":"Getting all favourite songs","name":"Sarath R Krishnan","service":"spotify-clone","timestamp":"2026-03-10 10:25:09"}
{"email":"sarath@gmail.com","id":1,"level":"info","message":"Getting all songs","name":"Sarath R Krishnan","service":"spotify-clone","timestamp":"2026-03-10 10:25:10"}
{"email":"sarath@gmail.com","id":1,"level":"info","message":"Getting all favourite songs","name":"Sarath R Krishnan","service":"spotify-clone","timestamp":"2026-03-10 10:25:34"}
